TN:
SF:src/components/AddPost.js
FN:5,AddPost
FN:6,(anonymous_1)
FN:11,submitPost
FN:28,(anonymous_3)
FNF:4
FNH:2
FNDA:9,AddPost
FNDA:16,(anonymous_1)
FNDA:0,submitPost
FNDA:0,(anonymous_3)
DA:6,16
DA:7,0
DA:9,0
DA:12,0
DA:13,0
DA:14,0
DA:16,0
DA:18,0
DA:22,0
DA:28,0
LF:10
LH:1
BRF:0
BRH:0
end_of_record
TN:
SF:src/components/App.js
FN:8,App
FNF:1
FNH:1
FNDA:1,App
DA:9,1
LF:1
LH:1
BRF:0
BRH:0
end_of_record
TN:
SF:src/features/auth/authSlice.js
FN:13,(anonymous_0)
FN:18,(anonymous_1)
FN:27,(anonymous_2)
FN:30,(anonymous_3)
FN:33,(anonymous_4)
FN:36,(anonymous_5)
FNF:6
FNH:0
FNDA:0,(anonymous_0)
FNDA:0,(anonymous_1)
FNDA:0,(anonymous_2)
FNDA:0,(anonymous_3)
FNDA:0,(anonymous_4)
FNDA:0,(anonymous_5)
DA:6,2
DA:13,2
DA:14,0
DA:15,0
DA:18,2
DA:19,0
DA:20,0
DA:23,2
DA:28,0
DA:31,0
DA:34,0
DA:37,0
DA:42,2
LF:13
LH:5
BRF:0
BRH:0
end_of_record
TN:
SF:src/features/posts/postsSlice.js
FN:12,(anonymous_0)
FN:19,(anonymous_1)
FN:28,(anonymous_2)
FN:39,(anonymous_3)
FN:42,(anonymous_4)
FN:45,(anonymous_5)
FN:48,(anonymous_6)
FNF:7
FNH:0
FNDA:0,(anonymous_0)
FNDA:0,(anonymous_1)
FNDA:0,(anonymous_2)
FNDA:0,(anonymous_3)
FNDA:0,(anonymous_4)
FNDA:0,(anonymous_5)
FNDA:0,(anonymous_6)
DA:6,2
DA:12,2
DA:13,0
DA:14,0
DA:17,2
DA:20,0
DA:21,0
DA:22,0
DA:26,2
DA:29,0
DA:30,0
DA:31,0
DA:35,2
DA:40,0
DA:43,0
DA:46,0
DA:49,0
DA:54,2
LF:18
LH:6
BRF:0
BRH:0
end_of_record
