TN:
SF:src/index.js
FNF:0
FNH:0
DA:7,0
DA:8,0
DA:17,0
LF:3
LH:0
BRF:0
BRH:0
end_of_record
TN:
SF:src/api/api.js
FN:7,(anonymous_0)
FN:17,(anonymous_1)
FN:31,(anonymous_2)
FN:43,(anonymous_3)
FN:55,(anonymous_4)
FN:66,(anonymous_5)
FN:79,(anonymous_6)
FNF:7
FNH:0
FNDA:0,(anonymous_0)
FNDA:0,(anonymous_1)
FNDA:0,(anonymous_2)
FNDA:0,(anonymous_3)
FNDA:0,(anonymous_4)
FNDA:0,(anonymous_5)
FNDA:0,(anonymous_6)
DA:3,1
DA:5,1
DA:8,0
DA:13,0
DA:14,0
DA:18,0
DA:19,0
DA:27,0
DA:28,0
DA:32,0
DA:39,0
DA:40,0
DA:44,0
DA:51,0
DA:52,0
DA:56,0
DA:62,0
DA:63,0
DA:67,0
DA:75,0
DA:76,0
DA:80,0
DA:86,0
DA:87,0
LF:24
LH:2
BRDA:8,0,0,0
BRDA:8,0,1,0
BRF:2
BRH:0
end_of_record
TN:
SF:src/components/AddPost.js
FN:5,AddPost
FN:6,(anonymous_1)
FN:11,submitPost
FN:28,(anonymous_3)
FNF:4
FNH:0
FNDA:0,AddPost
FNDA:0,(anonymous_1)
FNDA:0,submitPost
FNDA:0,(anonymous_3)
DA:6,0
DA:7,0
DA:9,0
DA:12,0
DA:13,0
DA:14,0
DA:16,0
DA:18,0
DA:22,0
DA:28,0
LF:10
LH:0
BRF:0
BRH:0
end_of_record
TN:
SF:src/components/App.js
FN:8,App
FNF:1
FNH:1
FNDA:1,App
DA:9,1
LF:1
LH:1
BRF:0
BRH:0
end_of_record
TN:
SF:src/features/auth/authSlice.js
FN:13,(anonymous_0)
FN:18,(anonymous_1)
FN:27,(anonymous_2)
FN:30,(anonymous_3)
FN:33,(anonymous_4)
FN:36,(anonymous_5)
FNF:6
FNH:0
FNDA:0,(anonymous_0)
FNDA:0,(anonymous_1)
FNDA:0,(anonymous_2)
FNDA:0,(anonymous_3)
FNDA:0,(anonymous_4)
FNDA:0,(anonymous_5)
DA:6,1
DA:13,1
DA:14,0
DA:15,0
DA:18,1
DA:19,0
DA:20,0
DA:23,1
DA:28,0
DA:31,0
DA:34,0
DA:37,0
DA:42,1
LF:13
LH:5
BRF:0
BRH:0
end_of_record
TN:
SF:src/features/posts/postsSlice.js
FN:12,(anonymous_0)
FN:19,(anonymous_1)
FN:28,(anonymous_2)
FN:39,(anonymous_3)
FN:42,(anonymous_4)
FN:45,(anonymous_5)
FN:48,(anonymous_6)
FNF:7
FNH:0
FNDA:0,(anonymous_0)
FNDA:0,(anonymous_1)
FNDA:0,(anonymous_2)
FNDA:0,(anonymous_3)
FNDA:0,(anonymous_4)
FNDA:0,(anonymous_5)
FNDA:0,(anonymous_6)
DA:6,1
DA:12,1
DA:13,0
DA:14,0
DA:17,1
DA:20,0
DA:21,0
DA:22,0
DA:26,1
DA:29,0
DA:30,0
DA:31,0
DA:35,1
DA:40,0
DA:43,0
DA:46,0
DA:49,0
DA:54,1
LF:18
LH:6
BRF:0
BRH:0
end_of_record
TN:
SF:src/pages/HomePage.js
FN:4,HomePage
FNF:1
FNH:1
FNDA:3,HomePage
DA:5,3
LF:1
LH:1
BRF:0
BRH:0
end_of_record
TN:
SF:src/pages/LoginPage.js
FN:7,LoginPage
FN:14,(anonymous_1)
FN:48,(anonymous_2)
FN:59,(anonymous_3)
FNF:4
FNH:0
FNDA:0,LoginPage
FNDA:0,(anonymous_1)
FNDA:0,(anonymous_2)
FNDA:0,(anonymous_3)
DA:8,0
DA:9,0
DA:10,0
DA:11,0
DA:12,0
DA:14,0
DA:15,0
DA:16,0
DA:17,0
DA:18,0
DA:19,0
DA:20,0
DA:21,0
DA:23,0
DA:27,0
DA:48,0
DA:59,0
LF:17
LH:0
BRDA:36,0,0,0
BRDA:36,0,1,0
BRF:2
BRH:0
end_of_record
TN:
SF:src/pages/LogoutPage.js
FN:5,(anonymous_0)
FN:9,(anonymous_1)
FNF:2
FNH:0
FNDA:0,(anonymous_0)
FNDA:0,(anonymous_1)
DA:5,1
DA:6,0
DA:7,0
DA:9,0
DA:10,0
DA:11,0
DA:12,0
DA:13,0
DA:14,0
DA:17,0
DA:19,0
LF:11
LH:1
BRF:0
BRH:0
end_of_record
TN:
SF:src/pages/PostsPage.js
FN:7,PostsPage
FN:8,(anonymous_1)
FN:9,(anonymous_2)
FN:12,(anonymous_3)
FN:13,getData
FN:24,(anonymous_5)
FNF:6
FNH:0
FNDA:0,PostsPage
FNDA:0,(anonymous_1)
FNDA:0,(anonymous_2)
FNDA:0,(anonymous_3)
FNDA:0,getData
FNDA:0,(anonymous_5)
DA:8,0
DA:9,0
DA:10,0
DA:12,0
DA:14,0
DA:15,0
DA:17,0
DA:20,0
DA:25,0
LF:9
LH:0
BRDA:23,0,0,0
BRDA:23,0,1,0
BRF:2
BRH:0
end_of_record
TN:
SF:src/pages/SignupPage.js
FN:6,SignupPage
FN:7,(anonymous_1)
FN:11,(anonymous_2)
FN:16,(anonymous_3)
FNF:4
FNH:0
FNDA:0,SignupPage
FNDA:0,(anonymous_1)
FNDA:0,(anonymous_2)
FNDA:0,(anonymous_3)
DA:7,0
DA:9,0
DA:10,0
DA:11,0
DA:12,0
DA:13,0
DA:16,0
DA:17,0
DA:19,0
DA:20,0
DA:31,0
DA:33,0
DA:35,0
DA:36,0
DA:37,0
DA:41,0
DA:44,0
LF:17
LH:0
BRDA:12,0,0,0
BRDA:12,0,1,0
BRDA:35,1,0,0
BRDA:35,1,1,0
BRDA:37,2,0,0
BRDA:37,2,1,0
BRDA:53,3,0,0
BRDA:53,3,1,0
BRF:8
BRH:0
end_of_record
TN:
SF:src/pages/SinglePostPage.js
FN:5,SinglePostPage
FN:6,(anonymous_1)
FN:12,(anonymous_2)
FNF:3
FNH:0
FNDA:0,SinglePostPage
FNDA:0,(anonymous_1)
FNDA:0,(anonymous_2)
DA:6,0
DA:7,0
DA:9,0
DA:12,0
LF:4
LH:0
BRDA:11,0,0,0
BRDA:11,0,1,0
BRF:2
BRH:0
end_of_record
TN:
SF:src/provider/authProvider.js
FN:13,(anonymous_0)
FN:21,(anonymous_1)
FN:28,(anonymous_2)
FN:42,(anonymous_3)
FN:55,(anonymous_4)
FNF:5
FNH:0
FNDA:0,(anonymous_0)
FNDA:0,(anonymous_1)
FNDA:0,(anonymous_2)
FNDA:0,(anonymous_3)
FNDA:0,(anonymous_4)
DA:11,0
DA:13,0
DA:15,0
DA:20,0
DA:22,0
DA:23,0
DA:28,0
DA:29,0
DA:30,0
DA:32,0
DA:33,0
DA:35,0
DA:36,0
DA:41,0
DA:42,0
DA:50,0
DA:55,0
DA:56,0
LF:18
LH:0
BRDA:29,0,0,0
BRDA:29,0,1,0
BRF:2
BRH:0
end_of_record
TN:
SF:src/routes/ProtectedRoutes.js
FN:4,(anonymous_0)
FN:5,(anonymous_1)
FNF:2
FNH:0
FNDA:0,(anonymous_0)
FNDA:0,(anonymous_1)
DA:4,1
DA:5,0
DA:8,0
DA:10,0
DA:14,0
LF:5
LH:1
BRDA:8,0,0,0
BRDA:8,0,1,0
BRF:2
BRH:0
end_of_record
TN:
SF:src/routes/index.js
FN:11,(anonymous_0)
FNF:1
FNH:1
FNDA:1,(anonymous_0)
DA:11,1
DA:12,1
LF:2
LH:2
BRF:0
BRH:0
end_of_record
TN:
SF:src/store/store.js
FNF:0
FNH:0
DA:6,1
DA:11,1
LF:2
LH:2
BRF:0
BRH:0
end_of_record
