{"/Users/chrisminnick/code/src/github.com/chrisminnick/soliloquy/client/src/components/AddPost.js": {"path":"/Users/chrisminnick/code/src/github.com/chrisminnick/soliloquy/client/src/components/AddPost.js","statementMap":{"0":{"start":{"line":6,"column":20},"end":{"line":6,"column":54}},"1":{"start":{"line":6,"column":43},"end":{"line":6,"column":53}},"2":{"start":{"line":7,"column":19},"end":{"line":7,"column":32}},"3":{"start":{"line":9,"column":34},"end":{"line":9,"column":46}},"4":{"start":{"line":12,"column":4},"end":{"line":19,"column":5}},"5":{"start":{"line":13,"column":6},"end":{"line":13,"column":22}},"6":{"start":{"line":14,"column":29},"end":{"line":14,"column":68}},"7":{"start":{"line":16,"column":6},"end":{"line":16,"column":68}},"8":{"start":{"line":18,"column":6},"end":{"line":18,"column":21}},"9":{"start":{"line":22,"column":2},"end":{"line":32,"column":4}},"10":{"start":{"line":28,"column":25},"end":{"line":28,"column":52}}},"fnMap":{"0":{"name":"AddPost","decl":{"start":{"line":5,"column":9},"end":{"line":5,"column":16}},"loc":{"start":{"line":5,"column":24},"end":{"line":33,"column":1}},"line":5},"1":{"name":"(anonymous_1)","decl":{"start":{"line":6,"column":32},"end":{"line":6,"column":33}},"loc":{"start":{"line":6,"column":43},"end":{"line":6,"column":53}},"line":6},"2":{"name":"submitPost","decl":{"start":{"line":11,"column":17},"end":{"line":11,"column":27}},"loc":{"start":{"line":11,"column":30},"end":{"line":20,"column":3}},"line":11},"3":{"name":"(anonymous_3)","decl":{"start":{"line":28,"column":18},"end":{"line":28,"column":19}},"loc":{"start":{"line":28,"column":25},"end":{"line":28,"column":52}},"line":28}},"branchMap":{},"s":{"0":9,"1":16,"2":0,"3":0,"4":0,"5":0,"6":0,"7":0,"8":0,"9":0,"10":0},"f":{"0":9,"1":16,"2":0,"3":0},"b":{},"_coverageSchema":"1a1c01bbd47fc00a2c39e90264f33305004495a9","hash":"16e8227937180b07dfa9718ce975dd93f7c64865"}
,"/Users/chrisminnick/code/src/github.com/chrisminnick/soliloquy/client/src/components/App.js": {"path":"/Users/chrisminnick/code/src/github.com/chrisminnick/soliloquy/client/src/components/App.js","statementMap":{"0":{"start":{"line":9,"column":2},"end":{"line":17,"column":4}}},"fnMap":{"0":{"name":"App","decl":{"start":{"line":8,"column":9},"end":{"line":8,"column":12}},"loc":{"start":{"line":8,"column":15},"end":{"line":18,"column":1}},"line":8}},"branchMap":{},"s":{"0":1},"f":{"0":1},"b":{},"_coverageSchema":"1a1c01bbd47fc00a2c39e90264f33305004495a9","hash":"ecdce86e40920d8b15b3e8752217db7208ffe43e"}
,"/Users/chrisminnick/code/src/github.com/chrisminnick/soliloquy/client/src/features/auth/authSlice.js": {"path":"/Users/chrisminnick/code/src/github.com/chrisminnick/soliloquy/client/src/features/auth/authSlice.js","statementMap":{"0":{"start":{"line":6,"column":21},"end":{"line":11,"column":1}},"1":{"start":{"line":13,"column":21},"end":{"line":16,"column":2}},"2":{"start":{"line":14,"column":19},"end":{"line":14,"column":47}},"3":{"start":{"line":15,"column":2},"end":{"line":15,"column":18}},"4":{"start":{"line":18,"column":22},"end":{"line":21,"column":2}},"5":{"start":{"line":19,"column":19},"end":{"line":19,"column":42}},"6":{"start":{"line":20,"column":2},"end":{"line":20,"column":18}},"7":{"start":{"line":23,"column":25},"end":{"line":40,"column":2}},"8":{"start":{"line":28,"column":6},"end":{"line":28,"column":34}},"9":{"start":{"line":31,"column":6},"end":{"line":31,"column":35}},"10":{"start":{"line":34,"column":6},"end":{"line":34,"column":39}},"11":{"start":{"line":37,"column":6},"end":{"line":37,"column":35}},"12":{"start":{"line":42,"column":61},"end":{"line":42,"column":78}}},"fnMap":{"0":{"name":"(anonymous_0)","decl":{"start":{"line":13,"column":52},"end":{"line":13,"column":53}},"loc":{"start":{"line":13,"column":75},"end":{"line":16,"column":1}},"line":13},"1":{"name":"(anonymous_1)","decl":{"start":{"line":18,"column":54},"end":{"line":18,"column":55}},"loc":{"start":{"line":18,"column":71},"end":{"line":21,"column":1}},"line":18},"2":{"name":"(anonymous_2)","decl":{"start":{"line":27,"column":13},"end":{"line":27,"column":14}},"loc":{"start":{"line":27,"column":32},"end":{"line":29,"column":5}},"line":27},"3":{"name":"(anonymous_3)","decl":{"start":{"line":30,"column":14},"end":{"line":30,"column":15}},"loc":{"start":{"line":30,"column":33},"end":{"line":32,"column":5}},"line":30},"4":{"name":"(anonymous_4)","decl":{"start":{"line":33,"column":18},"end":{"line":33,"column":19}},"loc":{"start":{"line":33,"column":37},"end":{"line":35,"column":5}},"line":33},"5":{"name":"(anonymous_5)","decl":{"start":{"line":36,"column":14},"end":{"line":36,"column":15}},"loc":{"start":{"line":36,"column":33},"end":{"line":38,"column":5}},"line":36}},"branchMap":{},"s":{"0":2,"1":2,"2":0,"3":0,"4":2,"5":0,"6":0,"7":2,"8":0,"9":0,"10":0,"11":0,"12":2},"f":{"0":0,"1":0,"2":0,"3":0,"4":0,"5":0},"b":{},"_coverageSchema":"1a1c01bbd47fc00a2c39e90264f33305004495a9","hash":"a1b2ebb1cf05193381185860d2ceafc5d1e71895"}
,"/Users/chrisminnick/code/src/github.com/chrisminnick/soliloquy/client/src/features/posts/postsSlice.js": {"path":"/Users/chrisminnick/code/src/github.com/chrisminnick/soliloquy/client/src/features/posts/postsSlice.js","statementMap":{"0":{"start":{"line":6,"column":21},"end":{"line":10,"column":1}},"1":{"start":{"line":12,"column":24},"end":{"line":15,"column":2}},"2":{"start":{"line":13,"column":19},"end":{"line":13,"column":48}},"3":{"start":{"line":14,"column":2},"end":{"line":14,"column":24}},"4":{"start":{"line":17,"column":23},"end":{"line":24,"column":1}},"5":{"start":{"line":20,"column":4},"end":{"line":20,"column":37}},"6":{"start":{"line":21,"column":21},"end":{"line":21,"column":58}},"7":{"start":{"line":22,"column":4},"end":{"line":22,"column":32}},"8":{"start":{"line":26,"column":24},"end":{"line":33,"column":1}},"9":{"start":{"line":29,"column":4},"end":{"line":29,"column":65}},"10":{"start":{"line":30,"column":21},"end":{"line":30,"column":57}},"11":{"start":{"line":31,"column":4},"end":{"line":31,"column":27}},"12":{"start":{"line":35,"column":26},"end":{"line":52,"column":2}},"13":{"start":{"line":40,"column":6},"end":{"line":40,"column":35}},"14":{"start":{"line":43,"column":6},"end":{"line":43,"column":53}},"15":{"start":{"line":46,"column":6},"end":{"line":46,"column":39}},"16":{"start":{"line":49,"column":6},"end":{"line":49,"column":35}},"17":{"start":{"line":54,"column":61},"end":{"line":54,"column":79}}},"fnMap":{"0":{"name":"(anonymous_0)","decl":{"start":{"line":12,"column":59},"end":{"line":12,"column":60}},"loc":{"start":{"line":12,"column":76},"end":{"line":15,"column":1}},"line":12},"1":{"name":"(anonymous_1)","decl":{"start":{"line":19,"column":2},"end":{"line":19,"column":3}},"loc":{"start":{"line":19,"column":31},"end":{"line":23,"column":3}},"line":19},"2":{"name":"(anonymous_2)","decl":{"start":{"line":28,"column":2},"end":{"line":28,"column":3}},"loc":{"start":{"line":28,"column":25},"end":{"line":32,"column":3}},"line":28},"3":{"name":"(anonymous_3)","decl":{"start":{"line":39,"column":14},"end":{"line":39,"column":15}},"loc":{"start":{"line":39,"column":33},"end":{"line":41,"column":5}},"line":39},"4":{"name":"(anonymous_4)","decl":{"start":{"line":42,"column":13},"end":{"line":42,"column":14}},"loc":{"start":{"line":42,"column":32},"end":{"line":44,"column":5}},"line":42},"5":{"name":"(anonymous_5)","decl":{"start":{"line":45,"column":18},"end":{"line":45,"column":19}},"loc":{"start":{"line":45,"column":37},"end":{"line":47,"column":5}},"line":45},"6":{"name":"(anonymous_6)","decl":{"start":{"line":48,"column":14},"end":{"line":48,"column":15}},"loc":{"start":{"line":48,"column":33},"end":{"line":50,"column":5}},"line":48}},"branchMap":{},"s":{"0":2,"1":2,"2":0,"3":0,"4":2,"5":0,"6":0,"7":0,"8":2,"9":0,"10":0,"11":0,"12":2,"13":0,"14":0,"15":0,"16":0,"17":2},"f":{"0":0,"1":0,"2":0,"3":0,"4":0,"5":0,"6":0},"b":{},"_coverageSchema":"1a1c01bbd47fc00a2c39e90264f33305004495a9","hash":"c025f727321eb938a6c6873c64d41443dcdd901c"}
}
